20-08-26 12:03:19 ** --- MESSAGE BEGIN ---
20-08-26 12:03:19 ** To: devanand.cs19@bitsathy.ac.in
20-08-26 12:03:19 ** Subject: Password
20-08-26 12:03:19 ** From: thalapathy64@gmail.com
20-08-26 12:03:19 ** CC: master@gmail.com
20-08-26 12:03:19 ** 
20-08-26 12:03:19 ** Your password is : .
20-08-26 12:03:19 ** --- MESSAGE END ---
20-08-26 12:03:20 ** Connecting to smtp.gmail.com:465
20-08-26 12:03:25 ** Connected.
20-08-26 12:03:25 << 220 smtp.gmail.com ESMTP m190sm1381593pfm.184 - gsmtp<EOL>
20-08-26 12:03:25 >> EHLO localhost<EOL>
20-08-26 12:03:25 << 250-smtp.gmail.com at your service, [157.46.105.139]<EOL>250-SIZE 35882577<EOL>250-8BITMIME<EOL>250-AUTH LOGIN PLAIN XOAUTH2 PLAIN-CLIENTTOKEN OAUTHBEARER XOAUTH<EOL>250-ENHANCEDSTATUSCODES<EOL>250-PIPELINING<EOL>250-CHUNKING<EOL>250 SMTPUTF8<EOL>
20-08-26 12:03:25 ** Authenticating as ssig432@gmail.com
20-08-26 12:03:25 >> AUTH LOGIN<EOL>
20-08-26 12:03:25 << 334 VXNlcm5hbWU6<EOL>
20-08-26 12:03:25 >> c3NpZzQzMkBnbWFpbC5jb20=<EOL>
20-08-26 12:03:26 << 334 UGFzc3dvcmQ6<EOL>
20-08-26 12:03:26 >> U3NpZ0AxMjM0<EOL>
20-08-26 12:03:26 << 235 2.7.0 Accepted<EOL>
20-08-26 12:03:26 >> MAIL FROM: <thalapathy64@gmail.com><EOL>
20-08-26 12:03:26 << 250 2.1.0 OK m190sm1381593pfm.184 - gsmtp<EOL>
20-08-26 12:03:26 >> RCPT TO: <devanand.cs19@bitsathy.ac.in><EOL>
20-08-26 12:03:27 << 250 2.1.5 OK m190sm1381593pfm.184 - gsmtp<EOL>
20-08-26 12:03:27 >> RCPT TO: <master@gmail.com><EOL>
20-08-26 12:03:27 << 250 2.1.5 OK m190sm1381593pfm.184 - gsmtp<EOL>
20-08-26 12:03:27 >> DATA<EOL>
20-08-26 12:03:27 << 354  Go ahead m190sm1381593pfm.184 - gsmtp<EOL>
20-08-26 12:03:27 >> Date: Wed, 26 Aug 2020 12:03:27 +0530<EOL>
20-08-26 12:03:27 >> To: devanand.cs19@bitsathy.ac.in<EOL>
20-08-26 12:03:27 >> Subject: Password<EOL>
20-08-26 12:03:27 >> From: thalapathy64@gmail.com<EOL>
20-08-26 12:03:27 >> CC: master@gmail.com<EOL>
20-08-26 12:03:27 >> <EOL>
20-08-26 12:03:27 >> Your password is : .<EOL>
20-08-26 12:03:27 >> .<EOL>
20-08-26 12:03:28 << 250 2.0.0 OK  1598423609 m190sm1381593pfm.184 - gsmtp<EOL>
20-08-26 12:03:28 >> QUIT<EOL>
20-08-26 12:03:29 << 221 2.0.0 closing connection m190sm1381593pfm.184 - gsmtp<EOL>
20-08-26 12:03:29 ** Disconnecting from smtp.gmail.com:465
20-08-26 12:03:29 ** Disconnected.
20-08-26 12:03:29 ** Disconnected.
20-08-26 12:22:41 ** --- MESSAGE BEGIN ---
20-08-26 12:22:41 ** To: devanand.cs19@bitsathy.ac.in
20-08-26 12:22:41 ** Subject: Online Examination Registration Verification
20-08-26 12:22:41 ** From: ssig432@gmail.com
20-08-26 12:22:41 ** MIME-Version: 1.0
20-08-26 12:22:41 ** Content-Type: text/html; charset=utf-8
20-08-26 12:22:41 ** 
20-08-26 12:22:41 ** 
20-08-26 12:22:41 ** 			<p>Thank you for registering.</p>
20-08-26 12:22:41 ** 			<p>This is a verification eMail, please click the link to verify your eMail address by clicking this <a href="http://localhost/online_examination/verify_email.php?type=user&code=2ee856df4c972ad59533787ddc247d80" target="_blank"><b>link</b></a>.</p>
20-08-26 12:22:41 ** 			<p>In case if you have any difficulty please eMail us.</p>
20-08-26 12:22:41 ** 			<p>Thank you,</p>
20-08-26 12:22:41 ** 			<p>Online Examination System</p>
20-08-26 12:22:41 ** 			
20-08-26 12:22:41 ** --- MESSAGE END ---
20-08-26 12:22:42 ** Connecting to smtp.gmail.com:465
20-08-26 12:22:42 ** Connected.
20-08-26 12:22:43 << 220 smtp.gmail.com ESMTP o66sm1217319pgo.25 - gsmtp<EOL>
20-08-26 12:22:43 >> EHLO localhost<EOL>
20-08-26 12:22:43 << 250-smtp.gmail.com at your service, [157.46.105.139]<EOL>250-SIZE 35882577<EOL>250-8BITMIME<EOL>250-AUTH LOGIN PLAIN XOAUTH2 PLAIN-CLIENTTOKEN OAUTHBEARER XOAUTH<EOL>250-ENHANCEDSTATUSCODES<EOL>250-PIPELINING<EOL>250-CHUNKING<EOL>250 SMTPUTF8<EOL>
20-08-26 12:22:43 ** Authenticating as ssig432@gmail.com
20-08-26 12:22:43 >> AUTH LOGIN<EOL>
20-08-26 12:22:43 << 334 VXNlcm5hbWU6<EOL>
20-08-26 12:22:43 >> c3NpZzQzMkBnbWFpbC5jb20=<EOL>
20-08-26 12:22:43 << 334 UGFzc3dvcmQ6<EOL>
20-08-26 12:22:43 >> U3NpZ0AxMjM0<EOL>
20-08-26 12:22:44 << 235 2.7.0 Accepted<EOL>
20-08-26 12:22:44 >> MAIL FROM: <ssig432@gmail.com><EOL>
20-08-26 12:22:44 << 250 2.1.0 OK o66sm1217319pgo.25 - gsmtp<EOL>
20-08-26 12:22:44 >> RCPT TO: <devanand.cs19@bitsathy.ac.in><EOL>
20-08-26 12:22:44 << 250 2.1.5 OK o66sm1217319pgo.25 - gsmtp<EOL>
20-08-26 12:22:44 >> DATA<EOL>
20-08-26 12:22:45 << 354  Go ahead o66sm1217319pgo.25 - gsmtp<EOL>
20-08-26 12:22:45 >> Date: Wed, 26 Aug 2020 12:22:45 +0530<EOL>
20-08-26 12:22:45 >> To: devanand.cs19@bitsathy.ac.in<EOL>
20-08-26 12:22:45 >> Subject: Online Examination Registration Verification<EOL>
20-08-26 12:22:45 >> From: ssig432@gmail.com<EOL>
20-08-26 12:22:45 >> MIME-Version: 1.0<EOL>
20-08-26 12:22:45 >> Content-Type: text/html; charset=utf-8<EOL>
20-08-26 12:22:45 >> <EOL>
20-08-26 12:22:45 >> <EOL>
20-08-26 12:22:45 >> 			<p>Thank you for registering.</p><EOL>
20-08-26 12:22:45 >> 			<p>This is a verification eMail, please click the link to verify your eMail address by clicking this <a href="http://localhost/online_examination/verify_email.php?type=user&code=2ee856df4c972ad59533787ddc247d80" target="_blank"><b>link</b></a>.</p><EOL>
20-08-26 12:22:45 >> 			<p>In case if you have any difficulty please eMail us.</p><EOL>
20-08-26 12:22:45 >> 			<p>Thank you,</p><EOL>
20-08-26 12:22:45 >> 			<p>Online Examination System</p><EOL>
20-08-26 12:22:45 >> 			<EOL>
20-08-26 12:22:45 >> .<EOL>
20-08-26 12:22:46 << 250 2.0.0 OK  1598424767 o66sm1217319pgo.25 - gsmtp<EOL>
20-08-26 12:22:46 >> QUIT<EOL>
20-08-26 12:22:46 << 221 2.0.0 closing connection o66sm1217319pgo.25 - gsmtp<EOL>
20-08-26 12:22:46 ** Disconnecting from smtp.gmail.com:465
20-08-26 12:22:46 ** Disconnected.
20-08-26 12:22:46 ** Disconnected.
20-08-26 12:25:31 ** --- MESSAGE BEGIN ---
20-08-26 12:25:31 ** To: devanand.cs19@bitsathy.ac.in
20-08-26 12:25:31 ** Subject: Online Examination Registration Verification
20-08-26 12:25:31 ** From: ssig432@gmail.com
20-08-26 12:25:31 ** MIME-Version: 1.0
20-08-26 12:25:31 ** Content-Type: text/html; charset=utf-8
20-08-26 12:25:31 ** 
20-08-26 12:25:31 ** 
20-08-26 12:25:31 ** 			<p>Thank you for registering.</p>
20-08-26 12:25:31 ** 			<p>This is a verification eMail, please click the link to verify your eMail address by clicking this <a href="http://localhost/online_examination/verify_email.php?type=master&code=59fdf7e86eab934832bfa09b97664a9a" target="_blank"><b>link</b></a>.</p>
20-08-26 12:25:31 ** 			<p>In case if you have any difficulty please eMail us.</p>
20-08-26 12:25:31 ** 			<p>Thank you,</p>
20-08-26 12:25:31 ** 			<p>Online Examination System</p>
20-08-26 12:25:31 ** 			
20-08-26 12:25:31 ** --- MESSAGE END ---
20-08-26 12:25:31 ** Connecting to smtp.gmail.com:465
20-08-26 12:25:33 ** Connected.
20-08-26 12:25:33 << 220 smtp.gmail.com ESMTP v134sm1575298pfc.101 - gsmtp<EOL>
20-08-26 12:25:33 >> EHLO localhost<EOL>
20-08-26 12:25:33 << 250-smtp.gmail.com at your service, [157.46.105.139]<EOL>250-SIZE 35882577<EOL>250-8BITMIME<EOL>250-AUTH LOGIN PLAIN XOAUTH2 PLAIN-CLIENTTOKEN OAUTHBEARER XOAUTH<EOL>250-ENHANCEDSTATUSCODES<EOL>250-PIPELINING<EOL>250-CHUNKING<EOL>250 SMTPUTF8<EOL>
20-08-26 12:25:33 ** Authenticating as ssig432@gmail.com
20-08-26 12:25:33 >> AUTH LOGIN<EOL>
20-08-26 12:25:33 << 334 VXNlcm5hbWU6<EOL>
20-08-26 12:25:33 >> c3NpZzQzMkBnbWFpbC5jb20=<EOL>
20-08-26 12:25:34 << 334 UGFzc3dvcmQ6<EOL>
20-08-26 12:25:34 >> U3NpZ0AxMjM0<EOL>
20-08-26 12:25:34 << 235 2.7.0 Accepted<EOL>
20-08-26 12:25:34 >> MAIL FROM: <ssig432@gmail.com><EOL>
20-08-26 12:25:34 << 250 2.1.0 OK v134sm1575298pfc.101 - gsmtp<EOL>
20-08-26 12:25:34 >> RCPT TO: <devanand.cs19@bitsathy.ac.in><EOL>
20-08-26 12:25:35 << 250 2.1.5 OK v134sm1575298pfc.101 - gsmtp<EOL>
20-08-26 12:25:35 >> DATA<EOL>
20-08-26 12:25:35 << 354  Go ahead v134sm1575298pfc.101 - gsmtp<EOL>
20-08-26 12:25:35 >> Date: Wed, 26 Aug 2020 12:25:35 +0530<EOL>
20-08-26 12:25:35 >> To: devanand.cs19@bitsathy.ac.in<EOL>
20-08-26 12:25:35 >> Subject: Online Examination Registration Verification<EOL>
20-08-26 12:25:35 >> From: ssig432@gmail.com<EOL>
20-08-26 12:25:35 >> MIME-Version: 1.0<EOL>
20-08-26 12:25:35 >> Content-Type: text/html; charset=utf-8<EOL>
20-08-26 12:25:35 >> <EOL>
20-08-26 12:25:35 >> <EOL>
20-08-26 12:25:35 >> 			<p>Thank you for registering.</p><EOL>
20-08-26 12:25:35 >> 			<p>This is a verification eMail, please click the link to verify your eMail address by clicking this <a href="http://localhost/online_examination/verify_email.php?type=master&code=59fdf7e86eab934832bfa09b97664a9a" target="_blank"><b>link</b></a>.</p><EOL>
20-08-26 12:25:35 >> 			<p>In case if you have any difficulty please eMail us.</p><EOL>
20-08-26 12:25:35 >> 			<p>Thank you,</p><EOL>
20-08-26 12:25:35 >> 			<p>Online Examination System</p><EOL>
20-08-26 12:25:35 >> 			<EOL>
20-08-26 12:25:35 >> .<EOL>
20-08-26 12:25:36 << 250 2.0.0 OK  1598424936 v134sm1575298pfc.101 - gsmtp<EOL>
20-08-26 12:25:36 >> QUIT<EOL>
20-08-26 12:25:36 << 221 2.0.0 closing connection v134sm1575298pfc.101 - gsmtp<EOL>
20-08-26 12:25:36 ** Disconnecting from smtp.gmail.com:465
20-08-26 12:25:36 ** Disconnected.
20-08-26 12:25:36 ** Disconnected.
20-08-26 12:27:57 ** --- MESSAGE BEGIN ---
20-08-26 12:27:57 ** To: divyaprakash.cs19@bitsathy.ac.in
20-08-26 12:27:57 ** Subject: Online Examination Registration Verification
20-08-26 12:27:57 ** From: ssig432@gmail.com
20-08-26 12:27:57 ** MIME-Version: 1.0
20-08-26 12:27:57 ** Content-Type: text/html; charset=utf-8
20-08-26 12:27:57 ** 
20-08-26 12:27:57 ** 
20-08-26 12:27:57 ** 			<p>Thank you for registering.</p>
20-08-26 12:27:57 ** 			<p>This is a verification eMail, please click the link to verify your eMail address by clicking this <a href="http://localhost/online_examination/verify_email.php?type=user&code=367393d18bef4223a10cd3243000db29" target="_blank"><b>link</b></a>.</p>
20-08-26 12:27:57 ** 			<p>In case if you have any difficulty please eMail us.</p>
20-08-26 12:27:57 ** 			<p>Thank you,</p>
20-08-26 12:27:57 ** 			<p>Online Examination System</p>
20-08-26 12:27:57 ** 			
20-08-26 12:27:57 ** --- MESSAGE END ---
20-08-26 12:27:58 ** Connecting to smtp.gmail.com:465
20-08-26 12:27:58 ** Connected.
20-08-26 12:27:58 << 220 smtp.gmail.com ESMTP t10sm1606353pfq.77 - gsmtp<EOL>
20-08-26 12:27:58 >> EHLO localhost<EOL>
20-08-26 12:27:58 << 250-smtp.gmail.com at your service, [157.46.105.139]<EOL>250-SIZE 35882577<EOL>250-8BITMIME<EOL>250-AUTH LOGIN PLAIN XOAUTH2 PLAIN-CLIENTTOKEN OAUTHBEARER XOAUTH<EOL>250-ENHANCEDSTATUSCODES<EOL>250-PIPELINING<EOL>250-CHUNKING<EOL>250 SMTPUTF8<EOL>
20-08-26 12:27:58 ** Authenticating as ssig432@gmail.com
20-08-26 12:27:58 >> AUTH LOGIN<EOL>
20-08-26 12:27:59 << 334 VXNlcm5hbWU6<EOL>
20-08-26 12:27:59 >> c3NpZzQzMkBnbWFpbC5jb20=<EOL>
20-08-26 12:27:59 << 334 UGFzc3dvcmQ6<EOL>
20-08-26 12:27:59 >> U3NpZ0AxMjM0<EOL>
20-08-26 12:27:59 << 235 2.7.0 Accepted<EOL>
20-08-26 12:27:59 >> MAIL FROM: <ssig432@gmail.com><EOL>
20-08-26 12:27:59 << 250 2.1.0 OK t10sm1606353pfq.77 - gsmtp<EOL>
20-08-26 12:27:59 >> RCPT TO: <divyaprakash.cs19@bitsathy.ac.in><EOL>
20-08-26 12:28:00 << 250 2.1.5 OK t10sm1606353pfq.77 - gsmtp<EOL>
20-08-26 12:28:00 >> DATA<EOL>
20-08-26 12:28:00 << 354  Go ahead t10sm1606353pfq.77 - gsmtp<EOL>
20-08-26 12:28:00 >> Date: Wed, 26 Aug 2020 12:28:00 +0530<EOL>
20-08-26 12:28:00 >> To: divyaprakash.cs19@bitsathy.ac.in<EOL>
20-08-26 12:28:00 >> Subject: Online Examination Registration Verification<EOL>
20-08-26 12:28:00 >> From: ssig432@gmail.com<EOL>
20-08-26 12:28:00 >> MIME-Version: 1.0<EOL>
20-08-26 12:28:00 >> Content-Type: text/html; charset=utf-8<EOL>
20-08-26 12:28:00 >> <EOL>
20-08-26 12:28:00 >> <EOL>
20-08-26 12:28:00 >> 			<p>Thank you for registering.</p><EOL>
20-08-26 12:28:00 >> 			<p>This is a verification eMail, please click the link to verify your eMail address by clicking this <a href="http://localhost/online_examination/verify_email.php?type=user&code=367393d18bef4223a10cd3243000db29" target="_blank"><b>link</b></a>.</p><EOL>
20-08-26 12:28:00 >> 			<p>In case if you have any difficulty please eMail us.</p><EOL>
20-08-26 12:28:00 >> 			<p>Thank you,</p><EOL>
20-08-26 12:28:00 >> 			<p>Online Examination System</p><EOL>
20-08-26 12:28:00 >> 			<EOL>
20-08-26 12:28:00 >> .<EOL>
20-08-26 12:28:01 << 250 2.0.0 OK  1598425082 t10sm1606353pfq.77 - gsmtp<EOL>
20-08-26 12:28:01 >> QUIT<EOL>
20-08-26 12:28:01 << 221 2.0.0 closing connection t10sm1606353pfq.77 - gsmtp<EOL>
20-08-26 12:28:01 ** Disconnected.
20-08-26 12:28:01 ** Disconnected.
20-08-26 12:28:01 ** Disconnected.
20-08-26 12:29:21 ** --- MESSAGE BEGIN ---
20-08-26 12:29:21 ** To: devanand.cs19@bitsathy.ac.in
20-08-26 12:29:21 ** Subject: Online Examination Registration Verification
20-08-26 12:29:21 ** From: ssig432@gmail.com
20-08-26 12:29:21 ** MIME-Version: 1.0
20-08-26 12:29:21 ** Content-Type: text/html; charset=utf-8
20-08-26 12:29:21 ** 
20-08-26 12:29:21 ** 
20-08-26 12:29:21 ** 			<p>Thank you for registering.</p>
20-08-26 12:29:21 ** 			<p>This is a verification eMail, please click the link to verify your eMail address by clicking this <a href="http://localhost/online_examination/verify_email.php?type=user&code=929be269e2e0d4c1debb02397d2753ba" target="_blank"><b>link</b></a>.</p>
20-08-26 12:29:21 ** 			<p>In case if you have any difficulty please eMail us.</p>
20-08-26 12:29:21 ** 			<p>Thank you,</p>
20-08-26 12:29:21 ** 			<p>Online Examination System</p>
20-08-26 12:29:21 ** 			
20-08-26 12:29:21 ** --- MESSAGE END ---
20-08-26 12:29:21 ** Connecting to smtp.gmail.com:465
20-08-26 12:29:22 ** Connected.
20-08-26 12:29:22 << 220 smtp.gmail.com ESMTP s17sm1205164pgm.63 - gsmtp<EOL>
20-08-26 12:29:22 >> EHLO localhost<EOL>
20-08-26 12:29:22 << 250-smtp.gmail.com at your service, [157.46.105.139]<EOL>250-SIZE 35882577<EOL>250-8BITMIME<EOL>250-AUTH LOGIN PLAIN XOAUTH2 PLAIN-CLIENTTOKEN OAUTHBEARER XOAUTH<EOL>250-ENHANCEDSTATUSCODES<EOL>250-PIPELINING<EOL>250-CHUNKING<EOL>250 SMTPUTF8<EOL>
20-08-26 12:29:22 ** Authenticating as ssig432@gmail.com
20-08-26 12:29:22 >> AUTH LOGIN<EOL>
20-08-26 12:29:23 << 334 VXNlcm5hbWU6<EOL>
20-08-26 12:29:23 >> c3NpZzQzMkBnbWFpbC5jb20=<EOL>
20-08-26 12:29:23 << 334 UGFzc3dvcmQ6<EOL>
20-08-26 12:29:23 >> U3NpZ0AxMjM0<EOL>
20-08-26 12:29:23 << 235 2.7.0 Accepted<EOL>
20-08-26 12:29:23 >> MAIL FROM: <ssig432@gmail.com><EOL>
20-08-26 12:29:23 << 250 2.1.0 OK s17sm1205164pgm.63 - gsmtp<EOL>
20-08-26 12:29:23 >> RCPT TO: <devanand.cs19@bitsathy.ac.in><EOL>
20-08-26 12:29:24 << 250 2.1.5 OK s17sm1205164pgm.63 - gsmtp<EOL>
20-08-26 12:29:24 >> DATA<EOL>
20-08-26 12:29:24 << 354  Go ahead s17sm1205164pgm.63 - gsmtp<EOL>
20-08-26 12:29:24 >> Date: Wed, 26 Aug 2020 12:29:24 +0530<EOL>
20-08-26 12:29:24 >> To: devanand.cs19@bitsathy.ac.in<EOL>
20-08-26 12:29:24 >> Subject: Online Examination Registration Verification<EOL>
20-08-26 12:29:24 >> From: ssig432@gmail.com<EOL>
20-08-26 12:29:24 >> MIME-Version: 1.0<EOL>
20-08-26 12:29:24 >> Content-Type: text/html; charset=utf-8<EOL>
20-08-26 12:29:24 >> <EOL>
20-08-26 12:29:24 >> <EOL>
20-08-26 12:29:24 >> 			<p>Thank you for registering.</p><EOL>
20-08-26 12:29:24 >> 			<p>This is a verification eMail, please click the link to verify your eMail address by clicking this <a href="http://localhost/online_examination/verify_email.php?type=user&code=929be269e2e0d4c1debb02397d2753ba" target="_blank"><b>link</b></a>.</p><EOL>
20-08-26 12:29:24 >> 			<p>In case if you have any difficulty please eMail us.</p><EOL>
20-08-26 12:29:24 >> 			<p>Thank you,</p><EOL>
20-08-26 12:29:24 >> 			<p>Online Examination System</p><EOL>
20-08-26 12:29:24 >> 			<EOL>
20-08-26 12:29:24 >> .<EOL>
20-08-26 12:29:25 << 250 2.0.0 OK  1598425166 s17sm1205164pgm.63 - gsmtp<EOL>
20-08-26 12:29:25 >> QUIT<EOL>
20-08-26 12:29:25 << 221 2.0.0 closing connection s17sm1205164pgm.63 - gsmtp<EOL>
20-08-26 12:29:25 ** Disconnecting from smtp.gmail.com:465
20-08-26 12:29:25 ** Disconnected.
20-08-26 12:29:25 ** Disconnected.
20-08-28 16:54:26 ** --- MESSAGE BEGIN ---
20-08-28 16:54:26 ** To: dev.velu2001@gmail.com
20-08-28 16:54:26 ** Subject: Online Examination Registration Verification
20-08-28 16:54:26 ** From: ssig432@gmail.com
20-08-28 16:54:26 ** MIME-Version: 1.0
20-08-28 16:54:26 ** Content-Type: text/html; charset=utf-8
20-08-28 16:54:26 ** 
20-08-28 16:54:26 ** 
20-08-28 16:54:26 ** 			<p>Thank you for registering.</p>
20-08-28 16:54:26 ** 			<p>This is a verification eMail, please click the link to verify your eMail address by clicking this <a href="http://localhost/online_examination/verify_email.php?type=user&code=dc06c0624d3c2f0602dd497af20a1819" target="_blank"><b>link</b></a>.</p>
20-08-28 16:54:26 ** 			<p>In case if you have any difficulty please eMail us.</p>
20-08-28 16:54:26 ** 			<p>Thank you,</p>
20-08-28 16:54:26 ** 			<p>Online Examination System</p>
20-08-28 16:54:26 ** 			
20-08-28 16:54:26 ** --- MESSAGE END ---
20-08-28 16:54:27 ** Connecting to smtp.gmail.com:465
20-08-28 16:54:29 ** Connected.
20-08-28 16:54:30 << 220 smtp.gmail.com ESMTP 27sm1260533pgk.89 - gsmtp<EOL>
20-08-28 16:54:30 >> EHLO localhost<EOL>
20-08-28 16:54:30 << 250-smtp.gmail.com at your service, [157.50.54.0]<EOL>250-SIZE 35882577<EOL>250-8BITMIME<EOL>250-AUTH LOGIN PLAIN XOAUTH2 PLAIN-CLIENTTOKEN OAUTHBEARER XOAUTH<EOL>250-ENHANCEDSTATUSCODES<EOL>250-PIPELINING<EOL>250-CHUNKING<EOL>250 SMTPUTF8<EOL>
20-08-28 16:54:30 ** Authenticating as ssig432@gmail.com
20-08-28 16:54:30 >> AUTH LOGIN<EOL>
20-08-28 16:54:30 << 334 VXNlcm5hbWU6<EOL>
20-08-28 16:54:30 >> c3NpZzQzMkBnbWFpbC5jb20=<EOL>
20-08-28 16:54:31 << 334 UGFzc3dvcmQ6<EOL>
20-08-28 16:54:31 >> U3NpZ0AxMjM0<EOL>
20-08-28 16:54:31 << 235 2.7.0 Accepted<EOL>
20-08-28 16:54:31 >> MAIL FROM: <ssig432@gmail.com><EOL>
20-08-28 16:54:31 << 250 2.1.0 OK 27sm1260533pgk.89 - gsmtp<EOL>
20-08-28 16:54:31 >> RCPT TO: <dev.velu2001@gmail.com><EOL>
20-08-28 16:54:32 << 250 2.1.5 OK 27sm1260533pgk.89 - gsmtp<EOL>
20-08-28 16:54:32 >> DATA<EOL>
20-08-28 16:54:33 << 354  Go ahead 27sm1260533pgk.89 - gsmtp<EOL>
20-08-28 16:54:33 >> Date: Fri, 28 Aug 2020 16:54:33 +0530<EOL>
20-08-28 16:54:33 >> To: dev.velu2001@gmail.com<EOL>
20-08-28 16:54:33 >> Subject: Online Examination Registration Verification<EOL>
20-08-28 16:54:33 >> From: ssig432@gmail.com<EOL>
20-08-28 16:54:33 >> MIME-Version: 1.0<EOL>
20-08-28 16:54:33 >> Content-Type: text/html; charset=utf-8<EOL>
20-08-28 16:54:33 >> <EOL>
20-08-28 16:54:33 >> <EOL>
20-08-28 16:54:33 >> 			<p>Thank you for registering.</p><EOL>
20-08-28 16:54:33 >> 			<p>This is a verification eMail, please click the link to verify your eMail address by clicking this <a href="http://localhost/online_examination/verify_email.php?type=user&code=dc06c0624d3c2f0602dd497af20a1819" target="_blank"><b>link</b></a>.</p><EOL>
20-08-28 16:54:33 >> 			<p>In case if you have any difficulty please eMail us.</p><EOL>
20-08-28 16:54:33 >> 			<p>Thank you,</p><EOL>
20-08-28 16:54:33 >> 			<p>Online Examination System</p><EOL>
20-08-28 16:54:33 >> 			<EOL>
20-08-28 16:54:33 >> .<EOL>
20-08-28 16:54:34 << 250 2.0.0 OK  1598613876 27sm1260533pgk.89 - gsmtp<EOL>
20-08-28 16:54:34 >> QUIT<EOL>
20-08-28 16:54:35 << 221 2.0.0 closing connection 27sm1260533pgk.89 - gsmtp<EOL>
20-08-28 16:54:35 ** Disconnected.
20-08-28 16:54:35 ** Disconnected.
20-08-28 16:54:35 ** Disconnected.
20-08-29 12:43:09 ** --- MESSAGE BEGIN ---
20-08-29 12:43:09 ** To: dev.velu2001@gmail.com
20-08-29 12:43:09 ** Subject: Online Examination Registration Verification
20-08-29 12:43:09 ** From: ssig432@gmail.com
20-08-29 12:43:09 ** MIME-Version: 1.0
20-08-29 12:43:09 ** Content-Type: text/html; charset=utf-8
20-08-29 12:43:09 ** 
20-08-29 12:43:09 ** 
20-08-29 12:43:09 ** 			<p>Thank you for registering.</p>
20-08-29 12:43:09 ** 			<p>This is a verification eMail, please click the link to verify your eMail address by clicking this <a href="http://localhost/online_examination/verify_email.php?type=master&code=b8ea9f0232e379a1034dfc115fee8a52" target="_blank"><b>link</b></a>.</p>
20-08-29 12:43:09 ** 			<p>In case if you have any difficulty please eMail us.</p>
20-08-29 12:43:09 ** 			<p>Thank you,</p>
20-08-29 12:43:09 ** 			<p>Online Examination System</p>
20-08-29 12:43:09 ** 			
20-08-29 12:43:09 ** --- MESSAGE END ---
20-08-29 12:43:09 ** Connecting to smtp.gmail.com:465
20-08-29 12:43:10 ** Connected.
20-08-29 12:43:10 << 220 smtp.gmail.com ESMTP h65sm1564467pfb.210 - gsmtp<EOL>
20-08-29 12:43:10 >> EHLO localhost<EOL>
20-08-29 12:43:10 << 250-smtp.gmail.com at your service, [157.50.42.103]<EOL>250-SIZE 35882577<EOL>250-8BITMIME<EOL>250-AUTH LOGIN PLAIN XOAUTH2 PLAIN-CLIENTTOKEN OAUTHBEARER XOAUTH<EOL>250-ENHANCEDSTATUSCODES<EOL>250-PIPELINING<EOL>250-CHUNKING<EOL>250 SMTPUTF8<EOL>
20-08-29 12:43:10 ** Authenticating as ssig432@gmail.com
20-08-29 12:43:10 >> AUTH LOGIN<EOL>
20-08-29 12:43:10 << 334 VXNlcm5hbWU6<EOL>
20-08-29 12:43:10 >> c3NpZzQzMkBnbWFpbC5jb20=<EOL>
20-08-29 12:43:11 << 334 UGFzc3dvcmQ6<EOL>
20-08-29 12:43:11 >> U3NpZ0AxMjM0<EOL>
20-08-29 12:43:11 << 235 2.7.0 Accepted<EOL>
20-08-29 12:43:11 >> MAIL FROM: <ssig432@gmail.com><EOL>
20-08-29 12:43:11 << 250 2.1.0 OK h65sm1564467pfb.210 - gsmtp<EOL>
20-08-29 12:43:11 >> RCPT TO: <dev.velu2001@gmail.com><EOL>
20-08-29 12:43:12 << 250 2.1.5 OK h65sm1564467pfb.210 - gsmtp<EOL>
20-08-29 12:43:12 >> DATA<EOL>
20-08-29 12:43:12 << 354  Go ahead h65sm1564467pfb.210 - gsmtp<EOL>
20-08-29 12:43:12 >> Date: Sat, 29 Aug 2020 12:43:12 +0530<EOL>
20-08-29 12:43:12 >> To: dev.velu2001@gmail.com<EOL>
20-08-29 12:43:12 >> Subject: Online Examination Registration Verification<EOL>
20-08-29 12:43:12 >> From: ssig432@gmail.com<EOL>
20-08-29 12:43:12 >> MIME-Version: 1.0<EOL>
20-08-29 12:43:12 >> Content-Type: text/html; charset=utf-8<EOL>
20-08-29 12:43:12 >> <EOL>
20-08-29 12:43:12 >> <EOL>
20-08-29 12:43:12 >> 			<p>Thank you for registering.</p><EOL>
20-08-29 12:43:12 >> 			<p>This is a verification eMail, please click the link to verify your eMail address by clicking this <a href="http://localhost/online_examination/verify_email.php?type=master&code=b8ea9f0232e379a1034dfc115fee8a52" target="_blank"><b>link</b></a>.</p><EOL>
20-08-29 12:43:12 >> 			<p>In case if you have any difficulty please eMail us.</p><EOL>
20-08-29 12:43:12 >> 			<p>Thank you,</p><EOL>
20-08-29 12:43:12 >> 			<p>Online Examination System</p><EOL>
20-08-29 12:43:12 >> 			<EOL>
20-08-29 12:43:12 >> .<EOL>
20-08-29 12:43:13 << 250 2.0.0 OK  1598685197 h65sm1564467pfb.210 - gsmtp<EOL>
20-08-29 12:43:13 >> QUIT<EOL>
20-08-29 12:43:14 << 221 2.0.0 closing connection h65sm1564467pfb.210 - gsmtp<EOL>
20-08-29 12:43:14 ** Disconnecting from smtp.gmail.com:465
20-08-29 12:43:14 ** Disconnected.
20-08-29 12:43:14 ** Disconnected.
20-08-29 14:59:22 ** --- MESSAGE BEGIN ---
20-08-29 14:59:22 ** To: anooskavin.cs19@bitsathy.ac.in
20-08-29 14:59:22 ** Subject: Online Examination Registration Verification
20-08-29 14:59:22 ** From: ssig432@gmail.com
20-08-29 14:59:22 ** MIME-Version: 1.0
20-08-29 14:59:22 ** Content-Type: text/html; charset=utf-8
20-08-29 14:59:22 ** 
20-08-29 14:59:22 ** 
20-08-29 14:59:22 ** 			<p>Thank you for registering.</p>
20-08-29 14:59:22 ** 			<p>This is a verification eMail, please click the link to verify your eMail address by clicking this <a href="http://localhost/online_examination/verify_email.php?type=user&code=d739df5c824153791f614da5b09cc4e5" target="_blank"><b>link</b></a>.</p>
20-08-29 14:59:22 ** 			<p>In case if you have any difficulty please eMail us.</p>
20-08-29 14:59:22 ** 			<p>Thank you,</p>
20-08-29 14:59:22 ** 			<p>Online Examination System</p>
20-08-29 14:59:22 ** 			
20-08-29 14:59:22 ** --- MESSAGE END ---
20-08-29 14:59:22 ** Connecting to smtp.gmail.com:465
20-08-29 14:59:24 ** Connected.
20-08-29 14:59:24 << 220 smtp.gmail.com ESMTP x1sm2044308pfp.7 - gsmtp<EOL>
20-08-29 14:59:24 >> EHLO localhost<EOL>
20-08-29 14:59:24 << 250-smtp.gmail.com at your service, [157.50.42.103]<EOL>250-SIZE 35882577<EOL>250-8BITMIME<EOL>250-AUTH LOGIN PLAIN XOAUTH2 PLAIN-CLIENTTOKEN OAUTHBEARER XOAUTH<EOL>250-ENHANCEDSTATUSCODES<EOL>250-PIPELINING<EOL>250-CHUNKING<EOL>250 SMTPUTF8<EOL>
20-08-29 14:59:24 ** Authenticating as ssig432@gmail.com
20-08-29 14:59:24 >> AUTH LOGIN<EOL>
20-08-29 14:59:25 << 334 VXNlcm5hbWU6<EOL>
20-08-29 14:59:25 >> c3NpZzQzMkBnbWFpbC5jb20=<EOL>
20-08-29 14:59:25 << 334 UGFzc3dvcmQ6<EOL>
20-08-29 14:59:25 >> U3NpZ0AxMjM0<EOL>
20-08-29 14:59:26 << 235 2.7.0 Accepted<EOL>
20-08-29 14:59:26 >> MAIL FROM: <ssig432@gmail.com><EOL>
20-08-29 14:59:26 << 250 2.1.0 OK x1sm2044308pfp.7 - gsmtp<EOL>
20-08-29 14:59:26 >> RCPT TO: <anooskavin.cs19@bitsathy.ac.in><EOL>
20-08-29 14:59:26 << 250 2.1.5 OK x1sm2044308pfp.7 - gsmtp<EOL>
20-08-29 14:59:26 >> DATA<EOL>
20-08-29 14:59:27 << 354  Go ahead x1sm2044308pfp.7 - gsmtp<EOL>
20-08-29 14:59:27 >> Date: Sat, 29 Aug 2020 14:59:27 +0530<EOL>
20-08-29 14:59:27 >> To: anooskavin.cs19@bitsathy.ac.in<EOL>
20-08-29 14:59:27 >> Subject: Online Examination Registration Verification<EOL>
20-08-29 14:59:27 >> From: ssig432@gmail.com<EOL>
20-08-29 14:59:27 >> MIME-Version: 1.0<EOL>
20-08-29 14:59:27 >> Content-Type: text/html; charset=utf-8<EOL>
20-08-29 14:59:27 >> <EOL>
20-08-29 14:59:27 >> <EOL>
20-08-29 14:59:27 >> 			<p>Thank you for registering.</p><EOL>
20-08-29 14:59:27 >> 			<p>This is a verification eMail, please click the link to verify your eMail address by clicking this <a href="http://localhost/online_examination/verify_email.php?type=user&code=d739df5c824153791f614da5b09cc4e5" target="_blank"><b>link</b></a>.</p><EOL>
20-08-29 14:59:27 >> 			<p>In case if you have any difficulty please eMail us.</p><EOL>
20-08-29 14:59:27 >> 			<p>Thank you,</p><EOL>
20-08-29 14:59:27 >> 			<p>Online Examination System</p><EOL>
20-08-29 14:59:27 >> 			<EOL>
20-08-29 14:59:27 >> .<EOL>
20-08-29 14:59:28 << 250 2.0.0 OK  1598693373 x1sm2044308pfp.7 - gsmtp<EOL>
20-08-29 14:59:28 >> QUIT<EOL>
20-08-29 14:59:28 << 221 2.0.0 closing connection x1sm2044308pfp.7 - gsmtp<EOL>
20-08-29 14:59:28 ** Disconnecting from smtp.gmail.com:465
20-08-29 14:59:29 ** Disconnected.
20-08-29 14:59:29 ** Disconnected.
20-08-30 13:41:26 ** --- MESSAGE BEGIN ---
20-08-30 13:41:26 ** To: devanand.cs19@bitsathy.ac.in
20-08-30 13:41:26 ** Subject: Online Examination Registration Verification
20-08-30 13:41:26 ** From: ssig432@gmail.com
20-08-30 13:41:26 ** MIME-Version: 1.0
20-08-30 13:41:26 ** Content-Type: text/html; charset=utf-8
20-08-30 13:41:26 ** 
20-08-30 13:41:26 ** 
20-08-30 13:41:26 ** 			<p>Thank you for registering.</p>
20-08-30 13:41:26 ** 			<p>This is a verification eMail, please click the link to verify your eMail address by clicking this <a href="http://localhost/online_examination/verify_email.php?type=user&code=c690cd8621cbc79361c93411ae133688" target="_blank"><b>link</b></a>.</p>
20-08-30 13:41:26 ** 			<p>In case if you have any difficulty please eMail us.</p>
20-08-30 13:41:26 ** 			<p>Thank you,</p>
20-08-30 13:41:26 ** 			<p>Online Examination System</p>
20-08-30 13:41:26 ** 			
20-08-30 13:41:26 ** --- MESSAGE END ---
20-08-30 13:41:27 ** Connecting to smtp.gmail.com:465
20-08-30 13:41:29 ** Connected.
20-08-30 13:41:29 << 220 smtp.gmail.com ESMTP t184sm1195255pfc.123 - gsmtp<EOL>
20-08-30 13:41:29 >> EHLO localhost<EOL>
20-08-30 13:41:29 << 250-smtp.gmail.com at your service, [157.50.24.26]<EOL>250-SIZE 35882577<EOL>250-8BITMIME<EOL>250-AUTH LOGIN PLAIN XOAUTH2 PLAIN-CLIENTTOKEN OAUTHBEARER XOAUTH<EOL>250-ENHANCEDSTATUSCODES<EOL>250-PIPELINING<EOL>250-CHUNKING<EOL>250 SMTPUTF8<EOL>
20-08-30 13:41:29 ** Authenticating as ssig432@gmail.com
20-08-30 13:41:29 >> AUTH LOGIN<EOL>
20-08-30 13:41:30 << 334 VXNlcm5hbWU6<EOL>
20-08-30 13:41:30 >> c3NpZzQzMkBnbWFpbC5jb20=<EOL>
20-08-30 13:41:30 << 334 UGFzc3dvcmQ6<EOL>
20-08-30 13:41:30 >> U3NpZ0AxMjM0<EOL>
20-08-30 13:41:30 << 235 2.7.0 Accepted<EOL>
20-08-30 13:41:30 >> MAIL FROM: <ssig432@gmail.com><EOL>
20-08-30 13:41:31 << 250 2.1.0 OK t184sm1195255pfc.123 - gsmtp<EOL>
20-08-30 13:41:31 >> RCPT TO: <devanand.cs19@bitsathy.ac.in><EOL>
20-08-30 13:41:31 << 250 2.1.5 OK t184sm1195255pfc.123 - gsmtp<EOL>
20-08-30 13:41:31 >> DATA<EOL>
20-08-30 13:41:32 << 354  Go ahead t184sm1195255pfc.123 - gsmtp<EOL>
20-08-30 13:41:32 >> Date: Sun, 30 Aug 2020 13:41:32 +0530<EOL>
20-08-30 13:41:32 >> To: devanand.cs19@bitsathy.ac.in<EOL>
20-08-30 13:41:32 >> Subject: Online Examination Registration Verification<EOL>
20-08-30 13:41:32 >> From: ssig432@gmail.com<EOL>
20-08-30 13:41:32 >> MIME-Version: 1.0<EOL>
20-08-30 13:41:32 >> Content-Type: text/html; charset=utf-8<EOL>
20-08-30 13:41:32 >> <EOL>
20-08-30 13:41:32 >> <EOL>
20-08-30 13:41:32 >> 			<p>Thank you for registering.</p><EOL>
20-08-30 13:41:32 >> 			<p>This is a verification eMail, please click the link to verify your eMail address by clicking this <a href="http://localhost/online_examination/verify_email.php?type=user&code=c690cd8621cbc79361c93411ae133688" target="_blank"><b>link</b></a>.</p><EOL>
20-08-30 13:41:32 >> 			<p>In case if you have any difficulty please eMail us.</p><EOL>
20-08-30 13:41:32 >> 			<p>Thank you,</p><EOL>
20-08-30 13:41:32 >> 			<p>Online Examination System</p><EOL>
20-08-30 13:41:32 >> 			<EOL>
20-08-30 13:41:32 >> .<EOL>
20-08-30 13:41:33 << 250 2.0.0 OK  1598775093 t184sm1195255pfc.123 - gsmtp<EOL>
20-08-30 13:41:33 >> QUIT<EOL>
20-08-30 13:41:33 << 221 2.0.0 closing connection t184sm1195255pfc.123 - gsmtp<EOL>
20-08-30 13:41:33 ** Disconnecting from smtp.gmail.com:465
20-08-30 13:41:33 ** Disconnected.
20-08-30 13:41:33 ** Disconnected.
20-08-30 14:23:13 ** --- MESSAGE BEGIN ---
20-08-30 14:23:13 ** To: devanand.cs19@bitsathy.ac.in
20-08-30 14:23:13 ** Subject: Online Examination Registration Verification
20-08-30 14:23:13 ** From: ssig432@gmail.com
20-08-30 14:23:13 ** MIME-Version: 1.0
20-08-30 14:23:13 ** Content-Type: text/html; charset=utf-8
20-08-30 14:23:13 ** 
20-08-30 14:23:13 ** 
20-08-30 14:23:13 ** 			<p>Thank you for registering.</p>
20-08-30 14:23:13 ** 			<p>This is a verification eMail, please click the link to verify your eMail address by clicking this <a href="http://localhost/online_examination/verify_email.php?type=user&code=fc5b0308a8a4a7630e63408a58b9e3fe" target="_blank"><b>link</b></a>.</p>
20-08-30 14:23:13 ** 			<p>In case if you have any difficulty please eMail us.</p>
20-08-30 14:23:13 ** 			<p>Thank you,</p>
20-08-30 14:23:13 ** 			<p>Online Examination System</p>
20-08-30 14:23:13 ** 			
20-08-30 14:23:13 ** --- MESSAGE END ---
20-08-30 14:23:13 ** Connecting to smtp.gmail.com:465
20-08-30 14:23:13 ** Connected.
20-08-30 14:23:13 << 220 smtp.gmail.com ESMTP 9sm4583357pfv.22 - gsmtp<EOL>
20-08-30 14:23:13 >> EHLO localhost<EOL>
20-08-30 14:23:14 << 250-smtp.gmail.com at your service, [157.50.24.26]<EOL>250-SIZE 35882577<EOL>250-8BITMIME<EOL>250-AUTH LOGIN PLAIN XOAUTH2 PLAIN-CLIENTTOKEN OAUTHBEARER XOAUTH<EOL>250-ENHANCEDSTATUSCODES<EOL>250-PIPELINING<EOL>250-CHUNKING<EOL>250 SMTPUTF8<EOL>
20-08-30 14:23:14 ** Authenticating as ssig432@gmail.com
20-08-30 14:23:14 >> AUTH LOGIN<EOL>
20-08-30 14:23:14 << 334 VXNlcm5hbWU6<EOL>
20-08-30 14:23:14 >> c3NpZzQzMkBnbWFpbC5jb20=<EOL>
20-08-30 14:23:14 << 334 UGFzc3dvcmQ6<EOL>
20-08-30 14:23:14 >> U3NpZ0AxMjM0<EOL>
20-08-30 14:23:15 << 235 2.7.0 Accepted<EOL>
20-08-30 14:23:15 >> MAIL FROM: <ssig432@gmail.com><EOL>
20-08-30 14:23:15 << 250 2.1.0 OK 9sm4583357pfv.22 - gsmtp<EOL>
20-08-30 14:23:15 >> RCPT TO: <devanand.cs19@bitsathy.ac.in><EOL>
20-08-30 14:23:15 << 250 2.1.5 OK 9sm4583357pfv.22 - gsmtp<EOL>
20-08-30 14:23:15 >> DATA<EOL>
20-08-30 14:23:16 << 354  Go ahead 9sm4583357pfv.22 - gsmtp<EOL>
20-08-30 14:23:16 >> Date: Sun, 30 Aug 2020 14:23:16 +0530<EOL>
20-08-30 14:23:16 >> To: devanand.cs19@bitsathy.ac.in<EOL>
20-08-30 14:23:16 >> Subject: Online Examination Registration Verification<EOL>
20-08-30 14:23:16 >> From: ssig432@gmail.com<EOL>
20-08-30 14:23:16 >> MIME-Version: 1.0<EOL>
20-08-30 14:23:16 >> Content-Type: text/html; charset=utf-8<EOL>
20-08-30 14:23:16 >> <EOL>
20-08-30 14:23:16 >> <EOL>
20-08-30 14:23:16 >> 			<p>Thank you for registering.</p><EOL>
20-08-30 14:23:16 >> 			<p>This is a verification eMail, please click the link to verify your eMail address by clicking this <a href="http://localhost/online_examination/verify_email.php?type=user&code=fc5b0308a8a4a7630e63408a58b9e3fe" target="_blank"><b>link</b></a>.</p><EOL>
20-08-30 14:23:16 >> 			<p>In case if you have any difficulty please eMail us.</p><EOL>
20-08-30 14:23:16 >> 			<p>Thank you,</p><EOL>
20-08-30 14:23:16 >> 			<p>Online Examination System</p><EOL>
20-08-30 14:23:16 >> 			<EOL>
20-08-30 14:23:16 >> .<EOL>
20-08-30 14:23:17 << 250 2.0.0 OK  1598777597 9sm4583357pfv.22 - gsmtp<EOL>
20-08-30 14:23:17 >> QUIT<EOL>
20-08-30 14:23:17 << 221 2.0.0 closing connection 9sm4583357pfv.22 - gsmtp<EOL>
20-08-30 14:23:17 ** Disconnecting from smtp.gmail.com:465
20-08-30 14:23:17 ** Disconnected.
20-08-30 14:23:17 ** Disconnected.
20-08-30 16:19:49 ** --- MESSAGE BEGIN ---
20-08-30 16:19:49 ** To: dev.velu2001@gmail.com
20-08-30 16:19:49 ** Subject: Online Examination Registration Verification
20-08-30 16:19:49 ** From: ssig432@gmail.com
20-08-30 16:19:49 ** MIME-Version: 1.0
20-08-30 16:19:49 ** Content-Type: text/html; charset=utf-8
20-08-30 16:19:49 ** 
20-08-30 16:19:49 ** 
20-08-30 16:19:49 ** 			<p>Thank you for registering.</p>
20-08-30 16:19:49 ** 			<p>This is a verification eMail, please click the link to verify your eMail address by clicking this <a href="http://localhost/online_examination/verify_email.php?type=user&code=411afa2e04254a23ca35030cdd963196" target="_blank"><b>link</b></a>.</p>
20-08-30 16:19:49 ** 			<p>In case if you have any difficulty please eMail us.</p>
20-08-30 16:19:49 ** 			<p>Thank you,</p>
20-08-30 16:19:49 ** 			<p>Online Examination System</p>
20-08-30 16:19:49 ** 			
20-08-30 16:19:49 ** --- MESSAGE END ---
20-08-30 16:19:49 ** Connecting to smtp.gmail.com:465
20-08-30 16:19:51 ** Connected.
20-08-30 16:19:51 << 220 smtp.gmail.com ESMTP m19sm4013640pjq.18 - gsmtp<EOL>
20-08-30 16:19:51 >> EHLO localhost<EOL>
20-08-30 16:19:52 << 250-smtp.gmail.com at your service, [157.50.24.26]<EOL>250-SIZE 35882577<EOL>250-8BITMIME<EOL>250-AUTH LOGIN PLAIN XOAUTH2 PLAIN-CLIENTTOKEN OAUTHBEARER XOAUTH<EOL>250-ENHANCEDSTATUSCODES<EOL>250-PIPELINING<EOL>250-CHUNKING<EOL>250 SMTPUTF8<EOL>
20-08-30 16:19:52 ** Authenticating as ssig432@gmail.com
20-08-30 16:19:52 >> AUTH LOGIN<EOL>
20-08-30 16:19:52 << 334 VXNlcm5hbWU6<EOL>
20-08-30 16:19:52 >> c3NpZzQzMkBnbWFpbC5jb20=<EOL>
20-08-30 16:19:52 << 334 UGFzc3dvcmQ6<EOL>
20-08-30 16:19:52 >> U3NpZ0AxMjM0<EOL>
20-08-30 16:19:52 << 235 2.7.0 Accepted<EOL>
20-08-30 16:19:52 >> MAIL FROM: <ssig432@gmail.com><EOL>
20-08-30 16:19:53 << 250 2.1.0 OK m19sm4013640pjq.18 - gsmtp<EOL>
20-08-30 16:19:53 >> RCPT TO: <dev.velu2001@gmail.com><EOL>
20-08-30 16:19:53 << 250 2.1.5 OK m19sm4013640pjq.18 - gsmtp<EOL>
20-08-30 16:19:53 >> DATA<EOL>
20-08-30 16:19:53 << 354  Go ahead m19sm4013640pjq.18 - gsmtp<EOL>
20-08-30 16:19:53 >> Date: Sun, 30 Aug 2020 16:19:53 +0530<EOL>
20-08-30 16:19:53 >> To: dev.velu2001@gmail.com<EOL>
20-08-30 16:19:53 >> Subject: Online Examination Registration Verification<EOL>
20-08-30 16:19:53 >> From: ssig432@gmail.com<EOL>
20-08-30 16:19:53 >> MIME-Version: 1.0<EOL>
20-08-30 16:19:53 >> Content-Type: text/html; charset=utf-8<EOL>
20-08-30 16:19:53 >> <EOL>
20-08-30 16:19:53 >> <EOL>
20-08-30 16:19:53 >> 			<p>Thank you for registering.</p><EOL>
20-08-30 16:19:53 >> 			<p>This is a verification eMail, please click the link to verify your eMail address by clicking this <a href="http://localhost/online_examination/verify_email.php?type=user&code=411afa2e04254a23ca35030cdd963196" target="_blank"><b>link</b></a>.</p><EOL>
20-08-30 16:19:53 >> 			<p>In case if you have any difficulty please eMail us.</p><EOL>
20-08-30 16:19:53 >> 			<p>Thank you,</p><EOL>
20-08-30 16:19:53 >> 			<p>Online Examination System</p><EOL>
20-08-30 16:19:53 >> 			<EOL>
20-08-30 16:19:53 >> .<EOL>
20-08-30 16:19:54 << 250 2.0.0 OK  1598784596 m19sm4013640pjq.18 - gsmtp<EOL>
20-08-30 16:19:54 >> QUIT<EOL>
20-08-30 16:19:55 << 221 2.0.0 closing connection m19sm4013640pjq.18 - gsmtp<EOL>
20-08-30 16:19:55 ** Disconnecting from smtp.gmail.com:465
20-08-30 16:19:55 ** Disconnected.
20-08-30 16:19:55 ** Disconnected.
20-08-30 17:42:01 ** --- MESSAGE BEGIN ---
20-08-30 17:42:01 ** To: devanand.cs19@bitsathy.ac.in
20-08-30 17:42:01 ** Subject: Online Examination Registration Verification
20-08-30 17:42:01 ** From: ssig432@gmail.com
20-08-30 17:42:01 ** MIME-Version: 1.0
20-08-30 17:42:01 ** Content-Type: text/html; charset=utf-8
20-08-30 17:42:01 ** 
20-08-30 17:42:01 ** 
20-08-30 17:42:01 ** 			<p>Thank you for registering.</p>
20-08-30 17:42:01 ** 			<p>This is a verification eMail, please click the link to verify your eMail address by clicking this <a href="http://localhost/online_examination/verify_email.php?type=user&code=d236556c258f65f9be2285b4c9e4e2df" target="_blank"><b>link</b></a>.</p>
20-08-30 17:42:01 ** 			<p>In case if you have any difficulty please eMail us.</p>
20-08-30 17:42:01 ** 			<p>Thank you,</p>
20-08-30 17:42:01 ** 			<p>Online Examination System</p>
20-08-30 17:42:01 ** 			
20-08-30 17:42:01 ** --- MESSAGE END ---
20-08-30 17:42:02 ** Connecting to smtp.gmail.com:465
20-08-30 17:42:04 ** Connected.
20-08-30 17:42:04 << 220 smtp.gmail.com ESMTP 1sm4936443pfe.70 - gsmtp<EOL>
20-08-30 17:42:04 >> EHLO localhost<EOL>
20-08-30 17:42:04 << 250-smtp.gmail.com at your service, [157.50.24.26]<EOL>250-SIZE 35882577<EOL>250-8BITMIME<EOL>250-AUTH LOGIN PLAIN XOAUTH2 PLAIN-CLIENTTOKEN OAUTHBEARER XOAUTH<EOL>250-ENHANCEDSTATUSCODES<EOL>250-PIPELINING<EOL>250-CHUNKING<EOL>250 SMTPUTF8<EOL>
20-08-30 17:42:04 ** Authenticating as ssig432@gmail.com
20-08-30 17:42:04 >> AUTH LOGIN<EOL>
20-08-30 17:42:04 << 334 VXNlcm5hbWU6<EOL>
20-08-30 17:42:04 >> c3NpZzQzMkBnbWFpbC5jb20=<EOL>
20-08-30 17:42:05 << 334 UGFzc3dvcmQ6<EOL>
20-08-30 17:42:05 >> U3NpZ0AxMjM0<EOL>
20-08-30 17:42:05 << 235 2.7.0 Accepted<EOL>
20-08-30 17:42:05 >> MAIL FROM: <ssig432@gmail.com><EOL>
20-08-30 17:42:06 << 250 2.1.0 OK 1sm4936443pfe.70 - gsmtp<EOL>
20-08-30 17:42:06 >> RCPT TO: <devanand.cs19@bitsathy.ac.in><EOL>
20-08-30 17:42:06 << 250 2.1.5 OK 1sm4936443pfe.70 - gsmtp<EOL>
20-08-30 17:42:06 >> DATA<EOL>
20-08-30 17:42:07 << 354  Go ahead 1sm4936443pfe.70 - gsmtp<EOL>
20-08-30 17:42:07 >> Date: Sun, 30 Aug 2020 17:42:07 +0530<EOL>
20-08-30 17:42:07 >> To: devanand.cs19@bitsathy.ac.in<EOL>
20-08-30 17:42:07 >> Subject: Online Examination Registration Verification<EOL>
20-08-30 17:42:07 >> From: ssig432@gmail.com<EOL>
20-08-30 17:42:07 >> MIME-Version: 1.0<EOL>
20-08-30 17:42:07 >> Content-Type: text/html; charset=utf-8<EOL>
20-08-30 17:42:07 >> <EOL>
20-08-30 17:42:07 >> <EOL>
20-08-30 17:42:07 >> 			<p>Thank you for registering.</p><EOL>
20-08-30 17:42:07 >> 			<p>This is a verification eMail, please click the link to verify your eMail address by clicking this <a href="http://localhost/online_examination/verify_email.php?type=user&code=d236556c258f65f9be2285b4c9e4e2df" target="_blank"><b>link</b></a>.</p><EOL>
20-08-30 17:42:07 >> 			<p>In case if you have any difficulty please eMail us.</p><EOL>
20-08-30 17:42:07 >> 			<p>Thank you,</p><EOL>
20-08-30 17:42:07 >> 			<p>Online Examination System</p><EOL>
20-08-30 17:42:07 >> 			<EOL>
20-08-30 17:42:07 >> .<EOL>
20-08-30 17:42:09 << 250 2.0.0 OK  1598789530 1sm4936443pfe.70 - gsmtp<EOL>
20-08-30 17:42:09 >> QUIT<EOL>
20-08-30 17:42:09 << 221 2.0.0 closing connection 1sm4936443pfe.70 - gsmtp<EOL>
20-08-30 17:42:09 ** Disconnected.
20-08-30 17:42:09 ** Disconnected.
20-08-30 17:42:09 ** Disconnected.
20-09-06 10:36:24 ** --- MESSAGE BEGIN ---
20-09-06 10:36:24 ** To: dev.velu2001@gmail.com
20-09-06 10:36:24 ** Subject: Online Examination Registration Verification
20-09-06 10:36:24 ** From: ssig432@gmail.com
20-09-06 10:36:24 ** MIME-Version: 1.0
20-09-06 10:36:24 ** Content-Type: text/html; charset=utf-8
20-09-06 10:36:24 ** 
20-09-06 10:36:24 ** 
20-09-06 10:36:24 ** 			<p>Thank you for registering.</p>
20-09-06 10:36:24 ** 			<p>This is a verification eMail, please click the link to verify your eMail address by clicking this <a href="http://localhost/online_examination/verify_email.php?type=master&code=847f5c16a73e15b76eecd962ccdbd666" target="_blank"><b>link</b></a>.</p>
20-09-06 10:36:24 ** 			<p>In case if you have any difficulty please eMail us.</p>
20-09-06 10:36:24 ** 			<p>Thank you,</p>
20-09-06 10:36:24 ** 			<p>Online Examination System</p>
20-09-06 10:36:24 ** 			
20-09-06 10:36:24 ** --- MESSAGE END ---
20-09-06 10:36:25 ** Connecting to smtp.gmail.com:465
20-09-06 10:36:27 ** Connected.
20-09-06 10:36:31 << 220 smtp.gmail.com ESMTP c199sm11297076pfc.128 - gsmtp<EOL>
20-09-06 10:36:31 >> EHLO localhost<EOL>
20-09-06 10:36:31 << 250-smtp.gmail.com at your service, [157.50.170.128]<EOL>250-SIZE 35882577<EOL>250-8BITMIME<EOL>250-AUTH LOGIN PLAIN XOAUTH2 PLAIN-CLIENTTOKEN OAUTHBEARER XOAUTH<EOL>250-ENHANCEDSTATUSCODES<EOL>250-PIPELINING<EOL>250-CHUNKING<EOL>250 SMTPUTF8<EOL>
20-09-06 10:36:31 ** Authenticating as ssig432@gmail.com
20-09-06 10:36:31 >> AUTH LOGIN<EOL>
20-09-06 10:36:31 << 334 VXNlcm5hbWU6<EOL>
20-09-06 10:36:31 >> c3NpZzQzMkBnbWFpbC5jb20=<EOL>
20-09-06 10:36:31 << 334 UGFzc3dvcmQ6<EOL>
20-09-06 10:36:31 >> U3NpZ0AxMjM0<EOL>
20-09-06 10:36:32 << 235 2.7.0 Accepted<EOL>
20-09-06 10:36:32 >> MAIL FROM: <ssig432@gmail.com><EOL>
20-09-06 10:36:32 << 250 2.1.0 OK c199sm11297076pfc.128 - gsmtp<EOL>
20-09-06 10:36:32 >> RCPT TO: <dev.velu2001@gmail.com><EOL>
20-09-06 10:36:32 << 250 2.1.5 OK c199sm11297076pfc.128 - gsmtp<EOL>
20-09-06 10:36:32 >> DATA<EOL>
20-09-06 10:36:33 << 354  Go ahead c199sm11297076pfc.128 - gsmtp<EOL>
20-09-06 10:36:33 >> Date: Sun, 6 Sep 2020 10:36:33 +0530<EOL>
20-09-06 10:36:33 >> To: dev.velu2001@gmail.com<EOL>
20-09-06 10:36:33 >> Subject: Online Examination Registration Verification<EOL>
20-09-06 10:36:33 >> From: ssig432@gmail.com<EOL>
20-09-06 10:36:33 >> MIME-Version: 1.0<EOL>
20-09-06 10:36:33 >> Content-Type: text/html; charset=utf-8<EOL>
20-09-06 10:36:33 >> <EOL>
20-09-06 10:36:33 >> <EOL>
20-09-06 10:36:33 >> 			<p>Thank you for registering.</p><EOL>
20-09-06 10:36:33 >> 			<p>This is a verification eMail, please click the link to verify your eMail address by clicking this <a href="http://localhost/online_examination/verify_email.php?type=master&code=847f5c16a73e15b76eecd962ccdbd666" target="_blank"><b>link</b></a>.</p><EOL>
20-09-06 10:36:33 >> 			<p>In case if you have any difficulty please eMail us.</p><EOL>
20-09-06 10:36:33 >> 			<p>Thank you,</p><EOL>
20-09-06 10:36:33 >> 			<p>Online Examination System</p><EOL>
20-09-06 10:36:33 >> 			<EOL>
20-09-06 10:36:33 >> .<EOL>
20-09-06 10:36:34 << 250 2.0.0 OK  1599368796 c199sm11297076pfc.128 - gsmtp<EOL>
20-09-06 10:36:34 >> QUIT<EOL>
20-09-06 10:36:34 << 221 2.0.0 closing connection c199sm11297076pfc.128 - gsmtp<EOL>
20-09-06 10:36:34 ** Disconnected.
20-09-06 10:36:34 ** Disconnected.
20-09-06 10:36:34 ** Disconnected.
20-09-06 13:28:27 ** --- MESSAGE BEGIN ---
20-09-06 13:28:27 ** To: dev.velu2001@gmail.com
20-09-06 13:28:27 ** Subject: Online Examination Registration Verification
20-09-06 13:28:27 ** From: ssig432@gmail.com
20-09-06 13:28:27 ** MIME-Version: 1.0
20-09-06 13:28:27 ** Content-Type: text/html; charset=utf-8
20-09-06 13:28:27 ** 
20-09-06 13:28:27 ** 
20-09-06 13:28:27 ** 			<p>Thank you for registering.</p>
20-09-06 13:28:27 ** 			<p>This is a verification eMail, please click the link to verify your eMail address by clicking this <a href="http://localhost/online_examination/verify_email.php?type=master&code=54f193d00f30a95a1adff16fddfb15d3" target="_blank"><b>link</b></a>.</p>
20-09-06 13:28:27 ** 			<p>In case if you have any difficulty please eMail us.</p>
20-09-06 13:28:27 ** 			<p>Thank you,</p>
20-09-06 13:28:27 ** 			<p>Online Examination System</p>
20-09-06 13:28:27 ** 			
20-09-06 13:28:27 ** --- MESSAGE END ---
20-09-06 13:28:27 ** Connecting to smtp.gmail.com:465
20-09-06 13:28:29 ** Connected.
20-09-06 13:28:33 << 220 smtp.gmail.com ESMTP g17sm9175944pjl.30 - gsmtp<EOL>
20-09-06 13:28:33 >> EHLO localhost<EOL>
20-09-06 13:28:33 << 250-smtp.gmail.com at your service, [157.50.159.27]<EOL>250-SIZE 35882577<EOL>250-8BITMIME<EOL>250-AUTH LOGIN PLAIN XOAUTH2 PLAIN-CLIENTTOKEN OAUTHBEARER XOAUTH<EOL>250-ENHANCEDSTATUSCODES<EOL>250-PIPELINING<EOL>250-CHUNKING<EOL>250 SMTPUTF8<EOL>
20-09-06 13:28:33 ** Authenticating as ssig432@gmail.com
20-09-06 13:28:33 >> AUTH LOGIN<EOL>
20-09-06 13:28:33 << 334 VXNlcm5hbWU6<EOL>
20-09-06 13:28:33 >> c3NpZzQzMkBnbWFpbC5jb20=<EOL>
20-09-06 13:28:33 << 334 UGFzc3dvcmQ6<EOL>
20-09-06 13:28:33 >> U3NpZ0AxMjM0<EOL>
20-09-06 13:28:34 << 235 2.7.0 Accepted<EOL>
20-09-06 13:28:34 >> MAIL FROM: <ssig432@gmail.com><EOL>
20-09-06 13:28:35 << 250 2.1.0 OK g17sm9175944pjl.30 - gsmtp<EOL>
20-09-06 13:28:35 >> RCPT TO: <dev.velu2001@gmail.com><EOL>
20-09-06 13:28:35 << 250 2.1.5 OK g17sm9175944pjl.30 - gsmtp<EOL>
20-09-06 13:28:35 >> DATA<EOL>
20-09-06 13:28:35 << 354  Go ahead g17sm9175944pjl.30 - gsmtp<EOL>
20-09-06 13:28:35 >> Date: Sun, 6 Sep 2020 13:28:35 +0530<EOL>
20-09-06 13:28:35 >> To: dev.velu2001@gmail.com<EOL>
20-09-06 13:28:35 >> Subject: Online Examination Registration Verification<EOL>
20-09-06 13:28:35 >> From: ssig432@gmail.com<EOL>
20-09-06 13:28:35 >> MIME-Version: 1.0<EOL>
20-09-06 13:28:35 >> Content-Type: text/html; charset=utf-8<EOL>
20-09-06 13:28:35 >> <EOL>
20-09-06 13:28:35 >> <EOL>
20-09-06 13:28:35 >> 			<p>Thank you for registering.</p><EOL>
20-09-06 13:28:35 >> 			<p>This is a verification eMail, please click the link to verify your eMail address by clicking this <a href="http://localhost/online_examination/verify_email.php?type=master&code=54f193d00f30a95a1adff16fddfb15d3" target="_blank"><b>link</b></a>.</p><EOL>
20-09-06 13:28:35 >> 			<p>In case if you have any difficulty please eMail us.</p><EOL>
20-09-06 13:28:35 >> 			<p>Thank you,</p><EOL>
20-09-06 13:28:35 >> 			<p>Online Examination System</p><EOL>
20-09-06 13:28:35 >> 			<EOL>
20-09-06 13:28:35 >> .<EOL>
20-09-06 13:28:37 << 250 2.0.0 OK  1599379118 g17sm9175944pjl.30 - gsmtp<EOL>
20-09-06 13:28:37 >> QUIT<EOL>
20-09-06 13:28:37 << 221 2.0.0 closing connection g17sm9175944pjl.30 - gsmtp<EOL>
20-09-06 13:28:37 ** Disconnecting from smtp.gmail.com:465
20-09-06 13:28:37 ** Disconnected.
20-09-06 13:28:37 ** Disconnected.
20-09-20 10:01:01 ** --- MESSAGE BEGIN ---
20-09-20 10:01:01 ** To: devanand.cs19@bitsathy.ac.in
20-09-20 10:01:01 ** Subject: Online Examination Registration Verification
20-09-20 10:01:01 ** From: ssig432@gmail.com
20-09-20 10:01:01 ** MIME-Version: 1.0
20-09-20 10:01:01 ** Content-Type: text/html; charset=utf-8
20-09-20 10:01:01 ** 
20-09-20 10:01:01 ** 
20-09-20 10:01:01 ** 			<p>Thank you for registering.</p>
20-09-20 10:01:01 ** 			<p>This is a verification eMail, please click the link to verify your eMail address by clicking this <a href="http://localhost/online_examination/verify_email.php?type=user&code=3b2067363c13f7819f91c91463678d66" target="_blank"><b>link</b></a>.</p>
20-09-20 10:01:01 ** 			<p>In case if you have any difficulty please eMail us.</p>
20-09-20 10:01:01 ** 			<p>Thank you,</p>
20-09-20 10:01:01 ** 			<p>Online Examination System</p>
20-09-20 10:01:01 ** 			
20-09-20 10:01:01 ** --- MESSAGE END ---
20-09-20 10:01:03 ** Connecting to smtp.gmail.com:465
20-09-20 10:01:05 ** Connected.
20-09-20 10:01:09 << 220 smtp.gmail.com ESMTP e2sm7255921pjm.27 - gsmtp<EOL>
20-09-20 10:01:09 >> EHLO localhost<EOL>
20-09-20 10:01:09 << 250-smtp.gmail.com at your service, [157.46.120.26]<EOL>250-SIZE 35882577<EOL>250-8BITMIME<EOL>250-AUTH LOGIN PLAIN XOAUTH2 PLAIN-CLIENTTOKEN OAUTHBEARER XOAUTH<EOL>250-ENHANCEDSTATUSCODES<EOL>250-PIPELINING<EOL>250-CHUNKING<EOL>250 SMTPUTF8<EOL>
20-09-20 10:01:09 ** Authenticating as ssig432@gmail.com
20-09-20 10:01:09 >> AUTH LOGIN<EOL>
20-09-20 10:01:10 << 334 VXNlcm5hbWU6<EOL>
20-09-20 10:01:10 >> c3NpZzQzMkBnbWFpbC5jb20=<EOL>
20-09-20 10:01:10 << 334 UGFzc3dvcmQ6<EOL>
20-09-20 10:01:10 >> U3NpZ0AxMjM0<EOL>
20-09-20 10:01:11 << 235 2.7.0 Accepted<EOL>
20-09-20 10:01:11 >> MAIL FROM: <ssig432@gmail.com><EOL>
20-09-20 10:01:11 << 250 2.1.0 OK e2sm7255921pjm.27 - gsmtp<EOL>
20-09-20 10:01:11 >> RCPT TO: <devanand.cs19@bitsathy.ac.in><EOL>
20-09-20 10:01:11 << 250 2.1.5 OK e2sm7255921pjm.27 - gsmtp<EOL>
20-09-20 10:01:11 >> DATA<EOL>
20-09-20 10:01:12 << 354  Go ahead e2sm7255921pjm.27 - gsmtp<EOL>
20-09-20 10:01:12 >> Date: Sun, 20 Sep 2020 10:01:12 +0530<EOL>
20-09-20 10:01:12 >> To: devanand.cs19@bitsathy.ac.in<EOL>
20-09-20 10:01:12 >> Subject: Online Examination Registration Verification<EOL>
20-09-20 10:01:12 >> From: ssig432@gmail.com<EOL>
20-09-20 10:01:12 >> MIME-Version: 1.0<EOL>
20-09-20 10:01:12 >> Content-Type: text/html; charset=utf-8<EOL>
20-09-20 10:01:12 >> <EOL>
20-09-20 10:01:12 >> <EOL>
20-09-20 10:01:12 >> 			<p>Thank you for registering.</p><EOL>
20-09-20 10:01:12 >> 			<p>This is a verification eMail, please click the link to verify your eMail address by clicking this <a href="http://localhost/online_examination/verify_email.php?type=user&code=3b2067363c13f7819f91c91463678d66" target="_blank"><b>link</b></a>.</p><EOL>
20-09-20 10:01:12 >> 			<p>In case if you have any difficulty please eMail us.</p><EOL>
20-09-20 10:01:12 >> 			<p>Thank you,</p><EOL>
20-09-20 10:01:12 >> 			<p>Online Examination System</p><EOL>
20-09-20 10:01:12 >> 			<EOL>
20-09-20 10:01:12 >> .<EOL>
20-09-20 10:01:14 << 250 2.0.0 OK  1600576273 e2sm7255921pjm.27 - gsmtp<EOL>
20-09-20 10:01:14 >> QUIT<EOL>
20-09-20 10:01:14 << 221 2.0.0 closing connection e2sm7255921pjm.27 - gsmtp<EOL>
20-09-20 10:01:14 ** Disconnected.
20-09-20 10:01:14 ** Disconnected.
20-09-20 10:01:14 ** Disconnected.
20-09-20 10:04:45 ** --- MESSAGE BEGIN ---
20-09-20 10:04:45 ** To: dev.velu2001@gmail.com
20-09-20 10:04:45 ** Subject: Online Examination Registration Verification
20-09-20 10:04:45 ** From: ssig432@gmail.com
20-09-20 10:04:45 ** MIME-Version: 1.0
20-09-20 10:04:45 ** Content-Type: text/html; charset=utf-8
20-09-20 10:04:45 ** 
20-09-20 10:04:45 ** 
20-09-20 10:04:45 ** 			<p>Thank you for registering.</p>
20-09-20 10:04:45 ** 			<p>This is a verification eMail, please click the link to verify your eMail address by clicking this <a href="http://localhost/online_examination/verify_email.php?type=master&code=a799b82c2a8e191e1dd6f4cece5a157d" target="_blank"><b>link</b></a>.</p>
20-09-20 10:04:45 ** 			<p>In case if you have any difficulty please eMail us.</p>
20-09-20 10:04:45 ** 			<p>Thank you,</p>
20-09-20 10:04:45 ** 			<p>Online Examination System</p>
20-09-20 10:04:45 ** 			
20-09-20 10:04:45 ** --- MESSAGE END ---
20-09-20 10:04:45 ** Connecting to smtp.gmail.com:465
20-09-20 10:04:47 ** Connected.
20-09-20 10:04:50 << 220 smtp.gmail.com ESMTP k24sm8227269pfg.148 - gsmtp<EOL>
20-09-20 10:04:50 >> EHLO localhost<EOL>
20-09-20 10:04:51 << 250-smtp.gmail.com at your service, [157.46.120.26]<EOL>250-SIZE 35882577<EOL>250-8BITMIME<EOL>250-AUTH LOGIN PLAIN XOAUTH2 PLAIN-CLIENTTOKEN OAUTHBEARER XOAUTH<EOL>250-ENHANCEDSTATUSCODES<EOL>250-PIPELINING<EOL>250-CHUNKING<EOL>250 SMTPUTF8<EOL>
20-09-20 10:04:51 ** Authenticating as ssig432@gmail.com
20-09-20 10:04:51 >> AUTH LOGIN<EOL>
20-09-20 10:04:51 << 334 VXNlcm5hbWU6<EOL>
20-09-20 10:04:51 >> c3NpZzQzMkBnbWFpbC5jb20=<EOL>
20-09-20 10:04:51 << 334 UGFzc3dvcmQ6<EOL>
20-09-20 10:04:51 >> U3NpZ0AxMjM0<EOL>
20-09-20 10:04:52 << 235 2.7.0 Accepted<EOL>
20-09-20 10:04:52 >> MAIL FROM: <ssig432@gmail.com><EOL>
20-09-20 10:04:52 << 250 2.1.0 OK k24sm8227269pfg.148 - gsmtp<EOL>
20-09-20 10:04:52 >> RCPT TO: <dev.velu2001@gmail.com><EOL>
20-09-20 10:04:53 << 250 2.1.5 OK k24sm8227269pfg.148 - gsmtp<EOL>
20-09-20 10:04:53 >> DATA<EOL>
20-09-20 10:04:53 << 354  Go ahead k24sm8227269pfg.148 - gsmtp<EOL>
20-09-20 10:04:53 >> Date: Sun, 20 Sep 2020 10:04:53 +0530<EOL>
20-09-20 10:04:53 >> To: dev.velu2001@gmail.com<EOL>
20-09-20 10:04:53 >> Subject: Online Examination Registration Verification<EOL>
20-09-20 10:04:53 >> From: ssig432@gmail.com<EOL>
20-09-20 10:04:53 >> MIME-Version: 1.0<EOL>
20-09-20 10:04:53 >> Content-Type: text/html; charset=utf-8<EOL>
20-09-20 10:04:53 >> <EOL>
20-09-20 10:04:53 >> <EOL>
20-09-20 10:04:53 >> 			<p>Thank you for registering.</p><EOL>
20-09-20 10:04:53 >> 			<p>This is a verification eMail, please click the link to verify your eMail address by clicking this <a href="http://localhost/online_examination/verify_email.php?type=master&code=a799b82c2a8e191e1dd6f4cece5a157d" target="_blank"><b>link</b></a>.</p><EOL>
20-09-20 10:04:53 >> 			<p>In case if you have any difficulty please eMail us.</p><EOL>
20-09-20 10:04:53 >> 			<p>Thank you,</p><EOL>
20-09-20 10:04:53 >> 			<p>Online Examination System</p><EOL>
20-09-20 10:04:53 >> 			<EOL>
20-09-20 10:04:53 >> .<EOL>
20-09-20 10:04:54 << 250 2.0.0 OK  1600576494 k24sm8227269pfg.148 - gsmtp<EOL>
20-09-20 10:04:54 >> QUIT<EOL>
20-09-20 10:04:55 << 221 2.0.0 closing connection k24sm8227269pfg.148 - gsmtp<EOL>
20-09-20 10:04:55 ** Disconnected.
20-09-20 10:04:55 ** Disconnected.
20-09-20 10:04:55 ** Disconnected.
